QuanLyVeMayBay/app/build/intermediates/manifest_merge_blame_file/debug/manifest-merger-blame-debug-report.txt
1<?xml version="1.0" encoding="utf-8"?>
2<manifest xmlns:android="http://schemas.android.com/apk/res/android"
3    package="com.example.quanlyvemaybay"
4    android:versionCode="1"
5    android:versionName="1.0" >
6
7    <uses-sdk
8        android:minSdkVersion="22"
8-->src\main\AndroidManifest.xml
9        android:targetSdkVersion="29" />
9-->src\main\AndroidManifest.xml
10
11    <uses-permission android:name="android.permission.INTERNET" />
11-->src\main\AndroidManifest.xml:27:5-67
11-->src\main\AndroidManifest.xml:27:22-64
12
13    <application
13-->src\main\AndroidManifest.xml:5:5-25:19
14        android:allowBackup="true"
14-->src\main\AndroidManifest.xml:6:9-35
15        android:appComponentFactory="androidx.core.app.CoreComponentFactory"
15-->[androidx.core:core:1.3.0] AndroidManifest.xml:24:18-86
16        android:debuggable="true"
17        android:icon="@mipmap/logo"
17-->src\main\AndroidManifest.xml:7:9-36
18        android:label="@string/app_name"
18-->src\main\AndroidManifest.xml:8:9-41
19        android:roundIcon="@mipmap/ic_launcher_round"
19-->src\main\AndroidManifest.xml:9:9-54
20        android:supportsRtl="true"
20-->src\main\AndroidManifest.xml:10:9-35
21        android:testOnly="true"
22        android:theme="@style/Theme.AppCompat.NoActionBar" >
22-->src\main\AndroidManifest.xml:11:9-59
23        <activity
23-->src\main\AndroidManifest.xml:12:9-21:20
24            android:name="com.example.quanlyvemaybay.NavigationActivity"
24-->src\main\AndroidManifest.xml:13:13-47
25            android:label="@string/title_activity_navigation"
25-->src\main\AndroidManifest.xml:14:13-62
26            android:theme="@style/NoActionBar" >
26-->src\main\AndroidManifest.xml:15:13-47
27            <intent-filter>
27-->src\main\AndroidManifest.xml:16:13-20:29
28                <action android:name="android.intent.action.MAIN" />
28-->src\main\AndroidManifest.xml:17:17-69
28-->src\main\AndroidManifest.xml:17:25-66
29
30                <category android:name="android.intent.category.LAUNCHER" />
30-->src\main\AndroidManifest.xml:19:17-77
30-->src\main\AndroidManifest.xml:19:27-74
31            </intent-filter>
32        </activity>
33        <!-- <activity android:name=".activity.HomeActivity"> -->
34
35
36        <!-- </activity> -->
37        <provider
37-->[androidx.lifecycle:lifecycle-process:2.2.0] AndroidManifest.xml:25:9-29:43
38            android:name="androidx.lifecycle.ProcessLifecycleOwnerInitializer"
38-->[androidx.lifecycle:lifecycle-process:2.2.0] AndroidManifest.xml:26:13-79
39            android:authorities="com.example.quanlyvemaybay.lifecycle-process"
39-->[androidx.lifecycle:lifecycle-process:2.2.0] AndroidManifest.xml:27:13-69
40            android:exported="false"
40-->[androidx.lifecycle:lifecycle-process:2.2.0] AndroidManifest.xml:28:13-37
41            android:multiprocess="true" />
41-->[androidx.lifecycle:lifecycle-process:2.2.0] AndroidManifest.xml:29:13-40
42    </application>
43
44</manifest>